[ 2014-11-11T23:01:52+08:00 ] 127.0.0.1 /app/index.php/login/Index.html
INFO: [ route_check ] --START--
INFO: Run CheckRoute Behavior [ RunTime:0.003139s ]
INFO: [ route_check ] --END-- [ RunTime:0.003387s ]
INFO: [ app_begin ] --START--
INFO: Run ReadHtmlCache Behavior [ RunTime:0.002243s ]
INFO: [ app_begin ] --END-- [ RunTime:0.002414s ]
INFO: [ view_template ] --START--
ERR: 模板不存在[./Tpl/Login/index.html]

[ 2014-11-11T23:03:06+08:00 ] 127.0.0.1 /app/index.php/login/Index.html
INFO: [ route_check ] --START--
INFO: Run CheckRoute Behavior [ RunTime:0.002805s ]
INFO: [ route_check ] --END-- [ RunTime:0.003098s ]
INFO: [ app_begin ] --START--
INFO: Run ReadHtmlCache Behavior [ RunTime:0.001898s ]
INFO: [ app_begin ] --END-- [ RunTime:0.002093s ]
INFO: [ view_template ] --START--
INFO: Run LocationTemplate Behavior [ RunTime:0.002017s ]
INFO: [ view_template ] --END-- [ RunTime:0.002210s ]
INFO: [ view_parse ] --START--
INFO: Run ParseTemplate Behavior [ RunTime:0.035920s ]
INFO: [ view_parse ] --END-- [ RunTime:0.036288s ]
INFO: [ view_filter ] --START--
INFO: Run ContentReplace Behavior [ RunTime:0.002275s ]
INFO: Run TokenBuild Behavior [ RunTime:0.002029s ]
INFO: Run WriteHtmlCache Behavior [ RunTime:0.002127s ]
INFO: Run ShowRuntime Behavior [ RunTime:0.002875s ]
INFO: [ view_filter ] --END-- [ RunTime:0.009980s ]
INFO: [ view_end ] --START--
INFO: Run ShowPageTrace Behavior [ RunTime:0.003050s ]
INFO: [ view_end ] --END-- [ RunTime:0.003270s ]

[ 2014-11-11T23:03:07+08:00 ] 127.0.0.1 /app/index.php/login/Index.html
INFO: [ route_check ] --START--
INFO: Run CheckRoute Behavior [ RunTime:0.002761s ]
INFO: [ route_check ] --END-- [ RunTime:0.003123s ]
INFO: [ app_begin ] --START--
INFO: Run ReadHtmlCache Behavior [ RunTime:0.002203s ]
INFO: [ app_begin ] --END-- [ RunTime:0.002414s ]
INFO: [ view_template ] --START--
INFO: Run LocationTemplate Behavior [ RunTime:0.001343s ]
INFO: [ view_template ] --END-- [ RunTime:0.001526s ]
INFO: [ view_parse ] --START--
INFO: Run ParseTemplate Behavior [ RunTime:0.020771s ]
INFO: [ view_parse ] --END-- [ RunTime:0.021007s ]
INFO: [ view_filter ] --START--
INFO: Run ContentReplace Behavior [ RunTime:0.001519s ]
INFO: Run TokenBuild Behavior [ RunTime:0.001582s ]
INFO: Run WriteHtmlCache Behavior [ RunTime:0.001172s ]
INFO: Run ShowRuntime Behavior [ RunTime:0.001775s ]
INFO: [ view_filter ] --END-- [ RunTime:0.006697s ]
INFO: [ view_end ] --START--
INFO: Run ShowPageTrace Behavior [ RunTime:0.002353s ]
INFO: [ view_end ] --END-- [ RunTime:0.002575s ]

[ 2014-11-11T23:03:08+08:00 ] 127.0.0.1 /app/index.php/login/Index.html
INFO: [ route_check ] --START--
INFO: Run CheckRoute Behavior [ RunTime:0.002534s ]
INFO: [ route_check ] --END-- [ RunTime:0.002855s ]
INFO: [ app_begin ] --START--
INFO: Run ReadHtmlCache Behavior [ RunTime:0.001759s ]
INFO: [ app_begin ] --END-- [ RunTime:0.001945s ]
INFO: [ view_template ] --START--
INFO: Run LocationTemplate Behavior [ RunTime:0.003150s ]
INFO: [ view_template ] --END-- [ RunTime:0.003352s ]
INFO: [ view_parse ] --START--
INFO: Run ParseTemplate Behavior [ RunTime:0.023142s ]
INFO: [ view_parse ] --END-- [ RunTime:0.023359s ]
INFO: [ view_filter ] --START--
INFO: Run ContentReplace Behavior [ RunTime:0.001309s ]
INFO: Run TokenBuild Behavior [ RunTime:0.001308s ]
INFO: Run WriteHtmlCache Behavior [ RunTime:0.001052s ]
INFO: Run ShowRuntime Behavior [ RunTime:0.002377s ]
INFO: [ view_filter ] --END-- [ RunTime:0.007013s ]
INFO: [ view_end ] --START--
INFO: Run ShowPageTrace Behavior [ RunTime:0.002162s ]
INFO: [ view_end ] --END-- [ RunTime:0.002347s ]

[ 2014-11-11T23:03:16+08:00 ] 127.0.0.1 /app/
INFO: [ app_begin ] --START--
INFO: Run ReadHtmlCache Behavior [ RunTime:0.001439s ]
INFO: [ app_begin ] --END-- [ RunTime:0.001615s ]

[ 2014-11-11T23:03:16+08:00 ] 127.0.0.1 /app/index.php/login/Index.html
INFO: [ route_check ] --START--
INFO: Run CheckRoute Behavior [ RunTime:0.002977s ]
INFO: [ route_check ] --END-- [ RunTime:0.003305s ]
INFO: [ app_begin ] --START--
INFO: Run ReadHtmlCache Behavior [ RunTime:0.002114s ]
INFO: [ app_begin ] --END-- [ RunTime:0.002350s ]
INFO: [ view_template ] --START--
INFO: Run LocationTemplate Behavior [ RunTime:0.001444s ]
INFO: [ view_template ] --END-- [ RunTime:0.001707s ]
INFO: [ view_parse ] --START--
INFO: Run ParseTemplate Behavior [ RunTime:0.024185s ]
INFO: [ view_parse ] --END-- [ RunTime:0.024368s ]
INFO: [ view_filter ] --START--
INFO: Run ContentReplace Behavior [ RunTime:0.001043s ]
INFO: Run TokenBuild Behavior [ RunTime:0.000992s ]
INFO: Run WriteHtmlCache Behavior [ RunTime:0.000994s ]
INFO: Run ShowRuntime Behavior [ RunTime:0.001255s ]
INFO: [ view_filter ] --END-- [ RunTime:0.004677s ]
INFO: [ view_end ] --START--
INFO: Run ShowPageTrace Behavior [ RunTime:0.002628s ]
INFO: [ view_end ] --END-- [ RunTime:0.002855s ]

